\BOOKMARK [0][-]{chapter.1}{\376\377\0001\000\040\000L\000O\0002\0001\000\040\000-\000\040\000A\000k\000r\000o\000p\000o\000l\000i\000s\000\040\000P\000r\000o\000j\000e\000c\000t}{}% 1
\BOOKMARK [1][-]{section.1.1}{\376\377\0001\000.\0001\000\040\000I\000n\000t\000r\000o\000d\000u\000c\000t\000i\000o\000n}{chapter.1}% 2
\BOOKMARK [1][-]{section.1.2}{\376\377\0001\000.\0002\000\040\040\023\000\040\000D\000o\000c\000u\000m\000e\000n\000t\000a\000t\000i\000o\000n\000\040\040\023}{chapter.1}% 3
\BOOKMARK [0][-]{chapter.2}{\376\377\0002\000\040\000L\000O\0002\0001\000-\000P\000r\000o\000j\000e\000t}{}% 4
\BOOKMARK [1][-]{section.2.1}{\376\377\0002\000.\0001\000\040\000M\000\351\000t\000h\000o\000d\000o\000l\000o\000g\000i\000e}{chapter.2}% 5
\BOOKMARK [0][-]{chapter.3}{\376\377\0003\000\040\000H\000i\000e\000r\000a\000r\000c\000h\000i\000c\000a\000l\000\040\000I\000n\000d\000e\000x}{}% 6
\BOOKMARK [1][-]{section.3.1}{\376\377\0003\000.\0001\000\040\000C\000l\000a\000s\000s\000\040\000H\000i\000e\000r\000a\000r\000c\000h\000y}{chapter.3}% 7
\BOOKMARK [0][-]{chapter.4}{\376\377\0004\000\040\000C\000l\000a\000s\000s\000\040\000I\000n\000d\000e\000x}{}% 8
\BOOKMARK [1][-]{section.4.1}{\376\377\0004\000.\0001\000\040\000C\000l\000a\000s\000s\000\040\000L\000i\000s\000t}{chapter.4}% 9
\BOOKMARK [0][-]{chapter.5}{\376\377\0005\000\040\000F\000i\000l\000e\000\040\000I\000n\000d\000e\000x}{}% 10
\BOOKMARK [1][-]{section.5.1}{\376\377\0005\000.\0001\000\040\000F\000i\000l\000e\000\040\000L\000i\000s\000t}{chapter.5}% 11
\BOOKMARK [0][-]{chapter.6}{\376\377\0006\000\040\000C\000l\000a\000s\000s\000\040\000D\000o\000c\000u\000m\000e\000n\000t\000a\000t\000i\000o\000n}{}% 12
\BOOKMARK [1][-]{section.6.1}{\376\377\0006\000.\0001\000\040\000A\000f\000f\000i\000c\000h\000a\000g\000e\000\040\000C\000l\000a\000s\000s\000\040\000R\000e\000f\000e\000r\000e\000n\000c\000e}{chapter.6}% 13
\BOOKMARK [2][-]{subsection.6.1.1}{\376\377\0006\000.\0001\000.\0001\000\040\000M\000e\000m\000b\000e\000r\000\040\000F\000u\000n\000c\000t\000i\000o\000n\000\040\000D\000o\000c\000u\000m\000e\000n\000t\000a\000t\000i\000o\000n}{section.6.1}% 14
\BOOKMARK [3][-]{subsubsection.6.1.1.1}{\376\377\0006\000.\0001\000.\0001\000.\0001\000\040\000a\000f\000f\000i\000c\000h\000e\000\137\000p\000l\000a\000t\000e\000a\000u\000\137\000a\000c\000t\000u\000e\000l\000\050\000\051}{subsection.6.1.1}% 15
\BOOKMARK [1][-]{section.6.2}{\376\377\0006\000.\0002\000\040\000A\000f\000f\000i\000c\000h\000a\000g\000e\000C\000o\000n\000s\000o\000l\000e\000\040\000C\000l\000a\000s\000s\000\040\000R\000e\000f\000e\000r\000e\000n\000c\000e}{chapter.6}% 16
\BOOKMARK [2][-]{subsection.6.2.1}{\376\377\0006\000.\0002\000.\0001\000\040\000C\000o\000n\000s\000t\000r\000u\000c\000t\000o\000r\000\040\000\046\000\040\000D\000e\000s\000t\000r\000u\000c\000t\000o\000r\000\040\000D\000o\000c\000u\000m\000e\000n\000t\000a\000t\000i\000o\000n}{section.6.2}% 17
\BOOKMARK [3][-]{subsubsection.6.2.1.1}{\376\377\0006\000.\0002\000.\0001\000.\0001\000\040\000A\000f\000f\000i\000c\000h\000a\000g\000e\000C\000o\000n\000s\000o\000l\000e\000\050\000\051}{subsection.6.2.1}% 18
\BOOKMARK [2][-]{subsection.6.2.2}{\376\377\0006\000.\0002\000.\0002\000\040\000M\000e\000m\000b\000e\000r\000\040\000F\000u\000n\000c\000t\000i\000o\000n\000\040\000D\000o\000c\000u\000m\000e\000n\000t\000a\000t\000i\000o\000n}{section.6.2}% 19
\BOOKMARK [3][-]{subsubsection.6.2.2.1}{\376\377\0006\000.\0002\000.\0002\000.\0001\000\040\000a\000f\000f\000i\000c\000h\000e\000\137\000p\000l\000a\000t\000e\000a\000u\000\137\000a\000c\000t\000u\000e\000l\000\050\000\051}{subsection.6.2.2}% 20
\BOOKMARK [3][-]{subsubsection.6.2.2.2}{\376\377\0006\000.\0002\000.\0002\000.\0002\000\040\000g\000e\000t\000I\000n\000s\000t\000a\000n\000c\000e\000\050\000\051}{subsection.6.2.2}% 21
\BOOKMARK [2][-]{subsection.6.2.3}{\376\377\0006\000.\0002\000.\0003\000\040\000M\000e\000m\000b\000e\000r\000\040\000D\000a\000t\000a\000\040\000D\000o\000c\000u\000m\000e\000n\000t\000a\000t\000i\000o\000n}{section.6.2}% 22
\BOOKMARK [3][-]{subsubsection.6.2.3.1}{\376\377\0006\000.\0002\000.\0003\000.\0001\000\040\000h\000e\000x\000H}{subsection.6.2.3}% 23
\BOOKMARK [3][-]{subsubsection.6.2.3.2}{\376\377\0006\000.\0002\000.\0003\000.\0002\000\040\000h\000e\000x\000W}{subsection.6.2.3}% 24
\BOOKMARK [3][-]{subsubsection.6.2.3.3}{\376\377\0006\000.\0002\000.\0003\000.\0003\000\040\000i\000n\000s\000t\000a\000n\000c\000e}{subsection.6.2.3}% 25
\BOOKMARK [1][-]{section.6.3}{\376\377\0006\000.\0003\000\040\000C\000a\000r\000r\000i\000e\000r\000e\000\040\000C\000l\000a\000s\000s\000\040\000R\000e\000f\000e\000r\000e\000n\000c\000e}{chapter.6}% 26
\BOOKMARK [2][-]{subsection.6.3.1}{\376\377\0006\000.\0003\000.\0001\000\040\000D\000e\000t\000a\000i\000l\000e\000d\000\040\000D\000e\000s\000c\000r\000i\000p\000t\000i\000o\000n}{section.6.3}% 27
\BOOKMARK [1][-]{section.6.4}{\376\377\0006\000.\0004\000\040\000C\000h\000a\000n\000t\000i\000e\000r\000\040\000C\000l\000a\000s\000s\000\040\000R\000e\000f\000e\000r\000e\000n\000c\000e}{chapter.6}% 28
\BOOKMARK [2][-]{subsection.6.4.1}{\376\377\0006\000.\0004\000.\0001\000\040\000M\000e\000m\000b\000e\000r\000\040\000F\000u\000n\000c\000t\000i\000o\000n\000\040\000D\000o\000c\000u\000m\000e\000n\000t\000a\000t\000i\000o\000n}{section.6.4}% 29
\BOOKMARK [3][-]{subsubsection.6.4.1.1}{\376\377\0006\000.\0004\000.\0001\000.\0001\000\040\000a\000j\000o\000u\000t\000e\000r\000\137\000t\000u\000i\000l\000e\000\050\000\051\000\040\000[\0001\000/\0002\000]}{subsection.6.4.1}% 30
\BOOKMARK [3][-]{subsubsection.6.4.1.2}{\376\377\0006\000.\0004\000.\0001\000.\0002\000\040\000a\000j\000o\000u\000t\000e\000r\000\137\000t\000u\000i\000l\000e\000\050\000\051\000\040\000[\0002\000/\0002\000]}{subsection.6.4.1}% 31
\BOOKMARK [3][-]{subsubsection.6.4.1.3}{\376\377\0006\000.\0004\000.\0001\000.\0003\000\040\000g\000e\000t\000\137\000n\000o\000m\000b\000r\000e\000\137\000t\000u\000i\000l\000e\000s\000\050\000\051}{subsection.6.4.1}% 32
\BOOKMARK [3][-]{subsubsection.6.4.1.4}{\376\377\0006\000.\0004\000.\0001\000.\0004\000\040\000g\000e\000t\000\137\000t\000a\000i\000l\000l\000e\000\050\000\051}{subsection.6.4.1}% 33
\BOOKMARK [3][-]{subsubsection.6.4.1.5}{\376\377\0006\000.\0004\000.\0001\000.\0005\000\040\000g\000e\000t\000\137\000t\000u\000i\000l\000e\000s\000\050\000\051}{subsection.6.4.1}% 34
\BOOKMARK [3][-]{subsubsection.6.4.1.6}{\376\377\0006\000.\0004\000.\0001\000.\0006\000\040\000p\000r\000e\000n\000d\000r\000e\000\137\000t\000u\000i\000l\000e\000\050\000\051}{subsection.6.4.1}% 35
\BOOKMARK [3][-]{subsubsection.6.4.1.7}{\376\377\0006\000.\0004\000.\0001\000.\0007\000\040\000s\000e\000t\000\137\000n\000o\000m\000b\000r\000e\000\137\000j\000o\000u\000e\000u\000r\000s\000\050\000\051}{subsection.6.4.1}% 36
\BOOKMARK [3][-]{subsubsection.6.4.1.8}{\376\377\0006\000.\0004\000.\0001\000.\0008\000\040\000s\000e\000t\000\137\000t\000a\000i\000l\000l\000e\000\050\000\051}{subsection.6.4.1}% 37
\BOOKMARK [2][-]{subsection.6.4.2}{\376\377\0006\000.\0004\000.\0002\000\040\000M\000e\000m\000b\000e\000r\000\040\000D\000a\000t\000a\000\040\000D\000o\000c\000u\000m\000e\000n\000t\000a\000t\000i\000o\000n}{section.6.4}% 38
\BOOKMARK [3][-]{subsubsection.6.4.2.1}{\376\377\0006\000.\0004\000.\0002\000.\0001\000\040\000n\000o\000m\000b\000r\000e\000T\000u\000i\000l\000e\000s}{subsection.6.4.2}% 39
\BOOKMARK [3][-]{subsubsection.6.4.2.2}{\376\377\0006\000.\0004\000.\0002\000.\0002\000\040\000t\000a\000i\000l\000l\000e}{subsection.6.4.2}% 40
\BOOKMARK [3][-]{subsubsection.6.4.2.3}{\376\377\0006\000.\0004\000.\0002\000.\0003\000\040\000t\000u\000i\000l\000e\000s}{subsection.6.4.2}% 41
\BOOKMARK [1][-]{section.6.5}{\376\377\0006\000.\0005\000\040\000D\000e\000c\000k\000\040\000C\000l\000a\000s\000s\000\040\000R\000e\000f\000e\000r\000e\000n\000c\000e}{chapter.6}% 42
\BOOKMARK [2][-]{subsection.6.5.1}{\376\377\0006\000.\0005\000.\0001\000\040\000C\000o\000n\000s\000t\000r\000u\000c\000t\000o\000r\000\040\000\046\000\040\000D\000e\000s\000t\000r\000u\000c\000t\000o\000r\000\040\000D\000o\000c\000u\000m\000e\000n\000t\000a\000t\000i\000o\000n}{section.6.5}% 43
\BOOKMARK [3][-]{subsubsection.6.5.1.1}{\376\377\0006\000.\0005\000.\0001\000.\0001\000\040\000D\000e\000c\000k\000\050\000\051}{subsection.6.5.1}% 44
\BOOKMARK [2][-]{subsection.6.5.2}{\376\377\0006\000.\0005\000.\0002\000\040\000M\000e\000m\000b\000e\000r\000\040\000F\000u\000n\000c\000t\000i\000o\000n\000\040\000D\000o\000c\000u\000m\000e\000n\000t\000a\000t\000i\000o\000n}{section.6.5}% 45
\BOOKMARK [3][-]{subsubsection.6.5.2.1}{\376\377\0006\000.\0005\000.\0002\000.\0001\000\040\000g\000e\000t\000\137\000n\000o\000m\000b\000r\000e\000\137\000t\000u\000i\000l\000e\000s\000\050\000\051}{subsection.6.5.2}% 46
\BOOKMARK [3][-]{subsubsection.6.5.2.2}{\376\377\0006\000.\0005\000.\0002\000.\0002\000\040\000g\000e\000t\000\137\000t\000a\000i\000l\000l\000e\000\050\000\051}{subsection.6.5.2}% 47
\BOOKMARK [3][-]{subsubsection.6.5.2.3}{\376\377\0006\000.\0005\000.\0002\000.\0003\000\040\000t\000i\000r\000e\000r\000\137\000t\000u\000i\000l\000e\000\050\000\051\000\040\000[\0001\000/\0002\000]}{subsection.6.5.2}% 48
\BOOKMARK [3][-]{subsubsection.6.5.2.4}{\376\377\0006\000.\0005\000.\0002\000.\0004\000\040\000t\000i\000r\000e\000r\000\137\000t\000u\000i\000l\000e\000\050\000\051\000\040\000[\0002\000/\0002\000]}{subsection.6.5.2}% 49
\BOOKMARK [2][-]{subsection.6.5.3}{\376\377\0006\000.\0005\000.\0003\000\040\000M\000e\000m\000b\000e\000r\000\040\000D\000a\000t\000a\000\040\000D\000o\000c\000u\000m\000e\000n\000t\000a\000t\000i\000o\000n}{section.6.5}% 50
\BOOKMARK [3][-]{subsubsection.6.5.3.1}{\376\377\0006\000.\0005\000.\0003\000.\0001\000\040\000n\000o\000m\000b\000r\000e\000T\000u\000i\000l\000e\000s}{subsection.6.5.3}% 51
\BOOKMARK [3][-]{subsubsection.6.5.3.2}{\376\377\0006\000.\0005\000.\0003\000.\0002\000\040\000t\000a\000i\000l\000l\000e}{subsection.6.5.3}% 52
\BOOKMARK [3][-]{subsubsection.6.5.3.3}{\376\377\0006\000.\0005\000.\0003\000.\0003\000\040\000t\000u\000i\000l\000e\000s}{subsection.6.5.3}% 53
\BOOKMARK [1][-]{section.6.6}{\376\377\0006\000.\0006\000\040\000H\000e\000x\000a\000g\000o\000n\000e\000\040\000C\000l\000a\000s\000s\000\040\000R\000e\000f\000e\000r\000e\000n\000c\000e}{chapter.6}% 54
\BOOKMARK [2][-]{subsection.6.6.1}{\376\377\0006\000.\0006\000.\0001\000\040\000D\000e\000t\000a\000i\000l\000e\000d\000\040\000D\000e\000s\000c\000r\000i\000p\000t\000i\000o\000n}{section.6.6}% 55
\BOOKMARK [2][-]{subsection.6.6.2}{\376\377\0006\000.\0006\000.\0002\000\040\000C\000o\000n\000s\000t\000r\000u\000c\000t\000o\000r\000\040\000\046\000\040\000D\000e\000s\000t\000r\000u\000c\000t\000o\000r\000\040\000D\000o\000c\000u\000m\000e\000n\000t\000a\000t\000i\000o\000n}{section.6.6}% 56
\BOOKMARK [3][-]{subsubsection.6.6.2.1}{\376\377\0006\000.\0006\000.\0002\000.\0001\000\040\000H\000e\000x\000a\000g\000o\000n\000e\000\050\000\051}{subsection.6.6.2}% 57
\BOOKMARK [3][-]{subsubsection.6.6.2.2}{\376\377\0006\000.\0006\000.\0002\000.\0002\000\040\000\040\000H\000e\000x\000a\000g\000o\000n\000e\000\050\000\051}{subsection.6.6.2}% 58
\BOOKMARK [2][-]{subsection.6.6.3}{\376\377\0006\000.\0006\000.\0003\000\040\000M\000e\000m\000b\000e\000r\000\040\000F\000u\000n\000c\000t\000i\000o\000n\000\040\000D\000o\000c\000u\000m\000e\000n\000t\000a\000t\000i\000o\000n}{section.6.6}% 59
\BOOKMARK [3][-]{subsubsection.6.6.3.1}{\376\377\0006\000.\0006\000.\0003\000.\0001\000\040\000g\000e\000t\000\137\000c\000o\000u\000l\000e\000u\000r\000\050\000\051}{subsection.6.6.3}% 60
\BOOKMARK [3][-]{subsubsection.6.6.3.2}{\376\377\0006\000.\0006\000.\0003\000.\0002\000\040\000g\000e\000t\000\137\000d\000i\000s\000p\000l\000a\000y\000e\000d\000\137\000t\000e\000x\000t\000\050\000\051}{subsection.6.6.3}% 61
\BOOKMARK [3][-]{subsubsection.6.6.3.3}{\376\377\0006\000.\0006\000.\0003\000.\0003\000\040\000g\000e\000t\000\137\000h\000a\000u\000t\000e\000u\000r\000\050\000\051}{subsection.6.6.3}% 62
\BOOKMARK [3][-]{subsubsection.6.6.3.4}{\376\377\0006\000.\0006\000.\0003\000.\0004\000\040\000g\000e\000t\000\137\000l\000o\000c\000a\000l\000\137\000p\000o\000s\000i\000t\000i\000o\000n\000\050\000\051}{subsection.6.6.3}% 63
\BOOKMARK [3][-]{subsubsection.6.6.3.5}{\376\377\0006\000.\0006\000.\0003\000.\0005\000\040\000g\000e\000t\000\137\000t\000u\000i\000l\000e\000\050\000\051}{subsection.6.6.3}% 64
\BOOKMARK [3][-]{subsubsection.6.6.3.6}{\376\377\0006\000.\0006\000.\0003\000.\0006\000\040\000p\000e\000u\000t\000\137\000e\000t\000r\000e\000\137\000p\000l\000a\000c\000e\000e\000\050\000\051}{subsection.6.6.3}% 65
\BOOKMARK [3][-]{subsubsection.6.6.3.7}{\376\377\0006\000.\0006\000.\0003\000.\0007\000\040\000q\000u\000a\000n\000d\000\137\000r\000e\000c\000o\000u\000v\000e\000r\000t\000\050\000\051}{subsection.6.6.3}% 66
\BOOKMARK [2][-]{subsection.6.6.4}{\376\377\0006\000.\0006\000.\0004\000\040\000M\000e\000m\000b\000e\000r\000\040\000D\000a\000t\000a\000\040\000D\000o\000c\000u\000m\000e\000n\000t\000a\000t\000i\000o\000n}{section.6.6}% 67
\BOOKMARK [3][-]{subsubsection.6.6.4.1}{\376\377\0006\000.\0006\000.\0004\000.\0001\000\040\000c\000o\000u\000l\000e\000u\000r}{subsection.6.6.4}% 68
\BOOKMARK [3][-]{subsubsection.6.6.4.2}{\376\377\0006\000.\0006\000.\0004\000.\0002\000\040\000i\000n\000d\000i\000c\000e\000\137\000t\000u\000i\000l\000e}{subsection.6.6.4}% 69
\BOOKMARK [3][-]{subsubsection.6.6.4.3}{\376\377\0006\000.\0006\000.\0004\000.\0003\000\040\000t\000u\000i\000l\000e\000P\000a\000r\000e\000n\000t}{subsection.6.6.4}% 70
\BOOKMARK [1][-]{section.6.7}{\376\377\0006\000.\0007\000\040\000I\000l\000l\000u\000s\000t\000r\000e\000A\000r\000c\000h\000i\000t\000e\000c\000t\000e\000\040\000C\000l\000a\000s\000s\000\040\000R\000e\000f\000e\000r\000e\000n\000c\000e}{chapter.6}% 71
\BOOKMARK [2][-]{subsection.6.7.1}{\376\377\0006\000.\0007\000.\0001\000\040\000M\000e\000m\000b\000e\000r\000\040\000F\000u\000n\000c\000t\000i\000o\000n\000\040\000D\000o\000c\000u\000m\000e\000n\000t\000a\000t\000i\000o\000n}{section.6.7}% 72
\BOOKMARK [3][-]{subsubsection.6.7.1.1}{\376\377\0006\000.\0007\000.\0001\000.\0001\000\040\000c\000h\000o\000i\000s\000i\000r\000\137\000t\000u\000i\000l\000e\000\050\000\051}{subsection.6.7.1}% 73
\BOOKMARK [3][-]{subsubsection.6.7.1.2}{\376\377\0006\000.\0007\000.\0001\000.\0002\000\040\000g\000e\000t\000\137\000n\000i\000v\000e\000a\000u\000\050\000\051}{subsection.6.7.1}% 74
\BOOKMARK [3][-]{subsubsection.6.7.1.3}{\376\377\0006\000.\0007\000.\0001\000.\0003\000\040\000j\000o\000u\000e\000r\000\050\000\051}{subsection.6.7.1}% 75
\BOOKMARK [3][-]{subsubsection.6.7.1.4}{\376\377\0006\000.\0007\000.\0001\000.\0004\000\040\000s\000e\000t\000\137\000n\000i\000v\000e\000a\000u\000\050\000\051}{subsection.6.7.1}% 76
\BOOKMARK [3][-]{subsubsection.6.7.1.5}{\376\377\0006\000.\0007\000.\0001\000.\0005\000\040\000t\000r\000o\000u\000v\000e\000r\000\137\000e\000m\000p\000l\000a\000c\000e\000m\000e\000n\000t\000\137\000t\000u\000i\000l\000e\000\050\000\051}{subsection.6.7.1}% 77
\BOOKMARK [2][-]{subsection.6.7.2}{\376\377\0006\000.\0007\000.\0002\000\040\000M\000e\000m\000b\000e\000r\000\040\000D\000a\000t\000a\000\040\000D\000o\000c\000u\000m\000e\000n\000t\000a\000t\000i\000o\000n}{section.6.7}% 78
\BOOKMARK [3][-]{subsubsection.6.7.2.1}{\376\377\0006\000.\0007\000.\0002\000.\0001\000\040\000j\000o\000u\000e\000T\000o\000u\000t\000S\000e\000u\000l}{subsection.6.7.2}% 79
\BOOKMARK [3][-]{subsubsection.6.7.2.2}{\376\377\0006\000.\0007\000.\0002\000.\0002\000\040\000n\000i\000v\000e\000a\000u}{subsection.6.7.2}% 80
\BOOKMARK [3][-]{subsubsection.6.7.2.3}{\376\377\0006\000.\0007\000.\0002\000.\0003\000\040\000s\000c\000o\000r\000e}{subsection.6.7.2}% 81
\BOOKMARK [1][-]{section.6.8}{\376\377\0006\000.\0008\000\040\000J\000o\000u\000e\000u\000r\000\040\000C\000l\000a\000s\000s\000\040\000R\000e\000f\000e\000r\000e\000n\000c\000e}{chapter.6}% 82
\BOOKMARK [2][-]{subsection.6.8.1}{\376\377\0006\000.\0008\000.\0001\000\040\000D\000e\000t\000a\000i\000l\000e\000d\000\040\000D\000e\000s\000c\000r\000i\000p\000t\000i\000o\000n}{section.6.8}% 83
\BOOKMARK [2][-]{subsection.6.8.2}{\376\377\0006\000.\0008\000.\0002\000\040\000M\000e\000m\000b\000e\000r\000\040\000F\000u\000n\000c\000t\000i\000o\000n\000\040\000D\000o\000c\000u\000m\000e\000n\000t\000a\000t\000i\000o\000n}{section.6.8}% 84
\BOOKMARK [3][-]{subsubsection.6.8.2.1}{\376\377\0006\000.\0008\000.\0002\000.\0001\000\040\000a\000j\000o\000u\000t\000e\000r\000\137\000p\000i\000e\000r\000r\000e\000\050\000\051}{subsection.6.8.2}% 85
\BOOKMARK [3][-]{subsubsection.6.8.2.2}{\376\377\0006\000.\0008\000.\0002\000.\0002\000\040\000g\000e\000t\000\137\000p\000i\000e\000r\000r\000e\000\050\000\051}{subsection.6.8.2}% 86
\BOOKMARK [3][-]{subsubsection.6.8.2.3}{\376\377\0006\000.\0008\000.\0002\000.\0003\000\040\000g\000e\000t\000\137\000p\000l\000a\000t\000e\000a\000u\000\050\000\051}{subsection.6.8.2}% 87
\BOOKMARK [3][-]{subsubsection.6.8.2.4}{\376\377\0006\000.\0008\000.\0002\000.\0004\000\040\000g\000e\000t\000\137\000s\000c\000o\000r\000e\000\050\000\051}{subsection.6.8.2}% 88
\BOOKMARK [3][-]{subsubsection.6.8.2.5}{\376\377\0006\000.\0008\000.\0002\000.\0005\000\040\000j\000o\000u\000e\000r\000\050\000\051}{subsection.6.8.2}% 89
\BOOKMARK [3][-]{subsubsection.6.8.2.6}{\376\377\0006\000.\0008\000.\0002\000.\0006\000\040\000p\000l\000a\000c\000e\000\137\000t\000u\000i\000l\000e\000\050\000\051}{subsection.6.8.2}% 90
\BOOKMARK [3][-]{subsubsection.6.8.2.7}{\376\377\0006\000.\0008\000.\0002\000.\0007\000\040\000s\000e\000t\000\137\000p\000i\000e\000r\000r\000e\000\050\000\051}{subsection.6.8.2}% 91
\BOOKMARK [2][-]{subsection.6.8.3}{\376\377\0006\000.\0008\000.\0003\000\040\000M\000e\000m\000b\000e\000r\000\040\000D\000a\000t\000a\000\040\000D\000o\000c\000u\000m\000e\000n\000t\000a\000t\000i\000o\000n}{section.6.8}% 92
\BOOKMARK [3][-]{subsubsection.6.8.3.1}{\376\377\0006\000.\0008\000.\0003\000.\0001\000\040\000j\000o\000u\000e\000T\000o\000u\000t\000S\000e\000u\000l}{subsection.6.8.3}% 93
\BOOKMARK [3][-]{subsubsection.6.8.3.2}{\376\377\0006\000.\0008\000.\0003\000.\0002\000\040\000p\000i\000e\000r\000r\000e}{subsection.6.8.3}% 94
\BOOKMARK [3][-]{subsubsection.6.8.3.3}{\376\377\0006\000.\0008\000.\0003\000.\0003\000\040\000p\000l\000a\000t\000e\000a\000u\000J\000o\000u\000e\000u\000r}{subsection.6.8.3}% 95
\BOOKMARK [1][-]{section.6.9}{\376\377\0006\000.\0009\000\040\000J\000o\000u\000e\000u\000r\000S\000i\000m\000p\000l\000e\000\040\000C\000l\000a\000s\000s\000\040\000R\000e\000f\000e\000r\000e\000n\000c\000e}{chapter.6}% 96
\BOOKMARK [2][-]{subsection.6.9.1}{\376\377\0006\000.\0009\000.\0001\000\040\000D\000e\000t\000a\000i\000l\000e\000d\000\040\000D\000e\000s\000c\000r\000i\000p\000t\000i\000o\000n}{section.6.9}% 97
\BOOKMARK [2][-]{subsection.6.9.2}{\376\377\0006\000.\0009\000.\0002\000\040\000M\000e\000m\000b\000e\000r\000\040\000F\000u\000n\000c\000t\000i\000o\000n\000\040\000D\000o\000c\000u\000m\000e\000n\000t\000a\000t\000i\000o\000n}{section.6.9}% 98
\BOOKMARK [3][-]{subsubsection.6.9.2.1}{\376\377\0006\000.\0009\000.\0002\000.\0001\000\040\000g\000e\000t\000\137\000s\000c\000o\000r\000e\000\050\000\051}{subsection.6.9.2}% 99
\BOOKMARK [2][-]{subsection.6.9.3}{\376\377\0006\000.\0009\000.\0003\000\040\000M\000e\000m\000b\000e\000r\000\040\000D\000a\000t\000a\000\040\000D\000o\000c\000u\000m\000e\000n\000t\000a\000t\000i\000o\000n}{section.6.9}% 100
\BOOKMARK [3][-]{subsubsection.6.9.3.1}{\376\377\0006\000.\0009\000.\0003\000.\0001\000\040\000j\000o\000u\000e\000T\000o\000u\000t\000S\000e\000u\000l}{subsection.6.9.3}% 101
\BOOKMARK [3][-]{subsubsection.6.9.3.2}{\376\377\0006\000.\0009\000.\0003\000.\0002\000\040\000s\000c\000o\000r\000e\000J\000o\000u\000e\000u\000r}{subsection.6.9.3}% 102
\BOOKMARK [1][-]{section.6.10}{\376\377\0006\000.\0001\0000\000\040\000P\000l\000a\000c\000e\000\040\000C\000l\000a\000s\000s\000\040\000R\000e\000f\000e\000r\000e\000n\000c\000e}{chapter.6}% 103
\BOOKMARK [2][-]{subsection.6.10.1}{\376\377\0006\000.\0001\0000\000.\0001\000\040\000D\000e\000t\000a\000i\000l\000e\000d\000\040\000D\000e\000s\000c\000r\000i\000p\000t\000i\000o\000n}{section.6.10}% 104
\BOOKMARK [2][-]{subsection.6.10.2}{\376\377\0006\000.\0001\0000\000.\0002\000\040\000C\000o\000n\000s\000t\000r\000u\000c\000t\000o\000r\000\040\000\046\000\040\000D\000e\000s\000t\000r\000u\000c\000t\000o\000r\000\040\000D\000o\000c\000u\000m\000e\000n\000t\000a\000t\000i\000o\000n}{section.6.10}% 105
\BOOKMARK [3][-]{subsubsection.6.10.2.1}{\376\377\0006\000.\0001\0000\000.\0002\000.\0001\000\040\000P\000l\000a\000c\000e\000\050\000\051}{subsection.6.10.2}% 106
\BOOKMARK [3][-]{subsubsection.6.10.2.2}{\376\377\0006\000.\0001\0000\000.\0002\000.\0002\000\040\000\040\000P\000l\000a\000c\000e\000\050\000\051}{subsection.6.10.2}% 107
\BOOKMARK [2][-]{subsection.6.10.3}{\376\377\0006\000.\0001\0000\000.\0003\000\040\000M\000e\000m\000b\000e\000r\000\040\000F\000u\000n\000c\000t\000i\000o\000n\000\040\000D\000o\000c\000u\000m\000e\000n\000t\000a\000t\000i\000o\000n}{section.6.10}% 108
\BOOKMARK [3][-]{subsubsection.6.10.3.1}{\376\377\0006\000.\0001\0000\000.\0003\000.\0001\000\040\000g\000e\000t\000\137\000e\000t\000o\000i\000l\000e\000s\000\050\000\051}{subsection.6.10.3}% 109
\BOOKMARK [2][-]{subsection.6.10.4}{\376\377\0006\000.\0001\0000\000.\0004\000\040\000M\000e\000m\000b\000e\000r\000\040\000D\000a\000t\000a\000\040\000D\000o\000c\000u\000m\000e\000n\000t\000a\000t\000i\000o\000n}{section.6.10}% 110
\BOOKMARK [3][-]{subsubsection.6.10.4.1}{\376\377\0006\000.\0001\0000\000.\0004\000.\0001\000\040\000e\000t\000o\000i\000l\000e\000s}{subsection.6.10.4}% 111
\BOOKMARK [1][-]{section.6.11}{\376\377\0006\000.\0001\0001\000\040\000P\000l\000a\000t\000e\000a\000u\000\040\000C\000l\000a\000s\000s\000\040\000R\000e\000f\000e\000r\000e\000n\000c\000e}{chapter.6}% 112
\BOOKMARK [2][-]{subsection.6.11.1}{\376\377\0006\000.\0001\0001\000.\0001\000\040\000C\000o\000n\000s\000t\000r\000u\000c\000t\000o\000r\000\040\000\046\000\040\000D\000e\000s\000t\000r\000u\000c\000t\000o\000r\000\040\000D\000o\000c\000u\000m\000e\000n\000t\000a\000t\000i\000o\000n}{section.6.11}% 113
\BOOKMARK [3][-]{subsubsection.6.11.1.1}{\376\377\0006\000.\0001\0001\000.\0001\000.\0001\000\040\000P\000l\000a\000t\000e\000a\000u\000\050\000\051}{subsection.6.11.1}% 114
\BOOKMARK [3][-]{subsubsection.6.11.1.2}{\376\377\0006\000.\0001\0001\000.\0001\000.\0002\000\040\000\040\000P\000l\000a\000t\000e\000a\000u\000\050\000\051}{subsection.6.11.1}% 115
\BOOKMARK [2][-]{subsection.6.11.2}{\376\377\0006\000.\0001\0001\000.\0002\000\040\000M\000e\000m\000b\000e\000r\000\040\000F\000u\000n\000c\000t\000i\000o\000n\000\040\000D\000o\000c\000u\000m\000e\000n\000t\000a\000t\000i\000o\000n}{section.6.11}% 116
\BOOKMARK [3][-]{subsubsection.6.11.2.1}{\376\377\0006\000.\0001\0001\000.\0002\000.\0001\000\040\000g\000e\000t\000\137\000i\000t\000e\000r\000a\000t\000e\000u\000r\000\137\000d\000e\000b\000u\000t\000\050\000\051}{subsection.6.11.2}% 117
\BOOKMARK [3][-]{subsubsection.6.11.2.2}{\376\377\0006\000.\0001\0001\000.\0002\000.\0002\000\040\000g\000e\000t\000\137\000i\000t\000e\000r\000a\000t\000e\000u\000r\000\137\000f\000i\000n\000\050\000\051}{subsection.6.11.2}% 118
\BOOKMARK [3][-]{subsubsection.6.11.2.3}{\376\377\0006\000.\0001\0001\000.\0002\000.\0003\000\040\000o\000b\000t\000e\000n\000i\000r\000\137\000h\000e\000x\000a\000g\000o\000n\000e\000\050\000\051}{subsection.6.11.2}% 119
\BOOKMARK [3][-]{subsubsection.6.11.2.4}{\376\377\0006\000.\0001\0001\000.\0002\000.\0004\000\040\000p\000e\000u\000t\000\137\000p\000l\000a\000c\000e\000r\000\050\000\051}{subsection.6.11.2}% 120
\BOOKMARK [3][-]{subsubsection.6.11.2.5}{\376\377\0006\000.\0001\0001\000.\0002\000.\0005\000\040\000p\000l\000a\000c\000e\000r\000\050\000\051}{subsection.6.11.2}% 121
\BOOKMARK [2][-]{subsection.6.11.3}{\376\377\0006\000.\0001\0001\000.\0003\000\040\000M\000e\000m\000b\000e\000r\000\040\000D\000a\000t\000a\000\040\000D\000o\000c\000u\000m\000e\000n\000t\000a\000t\000i\000o\000n}{section.6.11}% 122
\BOOKMARK [3][-]{subsubsection.6.11.3.1}{\376\377\0006\000.\0001\0001\000.\0003\000.\0001\000\040\000p\000l\000a\000t\000e\000a\000u}{subsection.6.11.3}% 123
\BOOKMARK [1][-]{section.6.12}{\376\377\0006\000.\0001\0002\000\040\000Q\000u\000a\000r\000t\000i\000e\000r\000\040\000C\000l\000a\000s\000s\000\040\000R\000e\000f\000e\000r\000e\000n\000c\000e}{chapter.6}% 124
\BOOKMARK [2][-]{subsection.6.12.1}{\376\377\0006\000.\0001\0002\000.\0001\000\040\000D\000e\000t\000a\000i\000l\000e\000d\000\040\000D\000e\000s\000c\000r\000i\000p\000t\000i\000o\000n}{section.6.12}% 125
\BOOKMARK [1][-]{section.6.13}{\376\377\0006\000.\0001\0003\000\040\000S\000c\000o\000r\000e\000\040\000C\000l\000a\000s\000s\000\040\000R\000e\000f\000e\000r\000e\000n\000c\000e}{chapter.6}% 126
\BOOKMARK [2][-]{subsection.6.13.1}{\376\377\0006\000.\0001\0003\000.\0001\000\040\000D\000e\000t\000a\000i\000l\000e\000d\000\040\000D\000e\000s\000c\000r\000i\000p\000t\000i\000o\000n}{section.6.13}% 127
\BOOKMARK [2][-]{subsection.6.13.2}{\376\377\0006\000.\0001\0003\000.\0002\000\040\000C\000o\000n\000s\000t\000r\000u\000c\000t\000o\000r\000\040\000\046\000\040\000D\000e\000s\000t\000r\000u\000c\000t\000o\000r\000\040\000D\000o\000c\000u\000m\000e\000n\000t\000a\000t\000i\000o\000n}{section.6.13}% 128
\BOOKMARK [3][-]{subsubsection.6.13.2.1}{\376\377\0006\000.\0001\0003\000.\0002\000.\0001\000\040\000S\000c\000o\000r\000e\000\050\000\051\000\040\000[\0001\000/\0002\000]}{subsection.6.13.2}% 129
\BOOKMARK [3][-]{subsubsection.6.13.2.2}{\376\377\0006\000.\0001\0003\000.\0002\000.\0002\000\040\000S\000c\000o\000r\000e\000\050\000\051\000\040\000[\0002\000/\0002\000]}{subsection.6.13.2}% 130
\BOOKMARK [3][-]{subsubsection.6.13.2.3}{\376\377\0006\000.\0001\0003\000.\0002\000.\0003\000\040\000\040\000S\000c\000o\000r\000e\000\050\000\051}{subsection.6.13.2}% 131
\BOOKMARK [2][-]{subsection.6.13.3}{\376\377\0006\000.\0001\0003\000.\0003\000\040\000M\000e\000m\000b\000e\000r\000\040\000F\000u\000n\000c\000t\000i\000o\000n\000\040\000D\000o\000c\000u\000m\000e\000n\000t\000a\000t\000i\000o\000n}{section.6.13}% 132
\BOOKMARK [3][-]{subsubsection.6.13.3.1}{\376\377\0006\000.\0001\0003\000.\0003\000.\0001\000\040\000s\000c\000o\000r\000e\000\050\000\051}{subsection.6.13.3}% 133
\BOOKMARK [2][-]{subsection.6.13.4}{\376\377\0006\000.\0001\0003\000.\0004\000\040\000M\000e\000m\000b\000e\000r\000\040\000D\000a\000t\000a\000\040\000D\000o\000c\000u\000m\000e\000n\000t\000a\000t\000i\000o\000n}{section.6.13}% 134
\BOOKMARK [3][-]{subsubsection.6.13.4.1}{\376\377\0006\000.\0001\0003\000.\0004\000.\0001\000\040\000s\000c\000o\000r\000e\000D\000e\000c\000o\000r\000e}{subsection.6.13.4}% 135
\BOOKMARK [1][-]{section.6.14}{\376\377\0006\000.\0001\0004\000\040\000S\000c\000o\000r\000e\000B\000l\000e\000u\000\040\000C\000l\000a\000s\000s\000\040\000R\000e\000f\000e\000r\000e\000n\000c\000e}{chapter.6}% 136
\BOOKMARK [2][-]{subsection.6.14.1}{\376\377\0006\000.\0001\0004\000.\0001\000\040\000M\000e\000m\000b\000e\000r\000\040\000F\000u\000n\000c\000t\000i\000o\000n\000\040\000D\000o\000c\000u\000m\000e\000n\000t\000a\000t\000i\000o\000n}{section.6.14}% 137
\BOOKMARK [3][-]{subsubsection.6.14.1.1}{\376\377\0006\000.\0001\0004\000.\0001\000.\0001\000\040\000s\000c\000o\000r\000e\000\050\000\051}{subsection.6.14.1}% 138
\BOOKMARK [3][-]{subsubsection.6.14.1.2}{\376\377\0006\000.\0001\0004\000.\0001\000.\0002\000\040\000s\000c\000o\000r\000e\000\137\000b\000l\000e\000u\000\050\000\051}{subsection.6.14.1}% 139
\BOOKMARK [1][-]{section.6.15}{\376\377\0006\000.\0001\0005\000\040\000S\000c\000o\000r\000e\000B\000l\000e\000u\000V\000a\000r\000i\000a\000n\000t\000e\000\040\000C\000l\000a\000s\000s\000\040\000R\000e\000f\000e\000r\000e\000n\000c\000e}{chapter.6}% 140
\BOOKMARK [2][-]{subsection.6.15.1}{\376\377\0006\000.\0001\0005\000.\0001\000\040\000M\000e\000m\000b\000e\000r\000\040\000F\000u\000n\000c\000t\000i\000o\000n\000\040\000D\000o\000c\000u\000m\000e\000n\000t\000a\000t\000i\000o\000n}{section.6.15}% 141
\BOOKMARK [3][-]{subsubsection.6.15.1.1}{\376\377\0006\000.\0001\0005\000.\0001\000.\0001\000\040\000s\000c\000o\000r\000e\000\050\000\051}{subsection.6.15.1}% 142
\BOOKMARK [3][-]{subsubsection.6.15.1.2}{\376\377\0006\000.\0001\0005\000.\0001\000.\0002\000\040\000s\000c\000o\000r\000e\000\137\000b\000l\000e\000u\000\137\000v\000a\000r\000i\000a\000n\000t\000e\000\050\000\051}{subsection.6.15.1}% 143
\BOOKMARK [1][-]{section.6.16}{\376\377\0006\000.\0001\0006\000\040\000S\000c\000o\000r\000e\000J\000a\000u\000n\000e\000\040\000C\000l\000a\000s\000s\000\040\000R\000e\000f\000e\000r\000e\000n\000c\000e}{chapter.6}% 144
\BOOKMARK [2][-]{subsection.6.16.1}{\376\377\0006\000.\0001\0006\000.\0001\000\040\000M\000e\000m\000b\000e\000r\000\040\000F\000u\000n\000c\000t\000i\000o\000n\000\040\000D\000o\000c\000u\000m\000e\000n\000t\000a\000t\000i\000o\000n}{section.6.16}% 145
\BOOKMARK [3][-]{subsubsection.6.16.1.1}{\376\377\0006\000.\0001\0006\000.\0001\000.\0001\000\040\000s\000c\000o\000r\000e\000\050\000\051}{subsection.6.16.1}% 146
\BOOKMARK [3][-]{subsubsection.6.16.1.2}{\376\377\0006\000.\0001\0006\000.\0001\000.\0002\000\040\000s\000c\000o\000r\000e\000\137\000j\000a\000u\000n\000e\000\050\000\051}{subsection.6.16.1}% 147
\BOOKMARK [1][-]{section.6.17}{\376\377\0006\000.\0001\0007\000\040\000S\000c\000o\000r\000e\000J\000a\000u\000n\000e\000V\000a\000r\000i\000a\000n\000t\000e\000\040\000C\000l\000a\000s\000s\000\040\000R\000e\000f\000e\000r\000e\000n\000c\000e}{chapter.6}% 148
\BOOKMARK [2][-]{subsection.6.17.1}{\376\377\0006\000.\0001\0007\000.\0001\000\040\000M\000e\000m\000b\000e\000r\000\040\000F\000u\000n\000c\000t\000i\000o\000n\000\040\000D\000o\000c\000u\000m\000e\000n\000t\000a\000t\000i\000o\000n}{section.6.17}% 149
\BOOKMARK [3][-]{subsubsection.6.17.1.1}{\376\377\0006\000.\0001\0007\000.\0001\000.\0001\000\040\000s\000c\000o\000r\000e\000\050\000\051}{subsection.6.17.1}% 150
\BOOKMARK [3][-]{subsubsection.6.17.1.2}{\376\377\0006\000.\0001\0007\000.\0001\000.\0002\000\040\000s\000c\000o\000r\000e\000\137\000j\000a\000u\000n\000e\000\137\000v\000a\000r\000i\000a\000n\000t\000e\000\050\000\051}{subsection.6.17.1}% 151
\BOOKMARK [1][-]{section.6.18}{\376\377\0006\000.\0001\0008\000\040\000S\000c\000o\000r\000e\000R\000o\000u\000g\000e\000\040\000C\000l\000a\000s\000s\000\040\000R\000e\000f\000e\000r\000e\000n\000c\000e}{chapter.6}% 152
\BOOKMARK [2][-]{subsection.6.18.1}{\376\377\0006\000.\0001\0008\000.\0001\000\040\000M\000e\000m\000b\000e\000r\000\040\000F\000u\000n\000c\000t\000i\000o\000n\000\040\000D\000o\000c\000u\000m\000e\000n\000t\000a\000t\000i\000o\000n}{section.6.18}% 153
\BOOKMARK [3][-]{subsubsection.6.18.1.1}{\376\377\0006\000.\0001\0008\000.\0001\000.\0001\000\040\000s\000c\000o\000r\000e\000\050\000\051}{subsection.6.18.1}% 154
\BOOKMARK [3][-]{subsubsection.6.18.1.2}{\376\377\0006\000.\0001\0008\000.\0001\000.\0002\000\040\000s\000c\000o\000r\000e\000\137\000r\000o\000u\000g\000e\000\050\000\051}{subsection.6.18.1}% 155
\BOOKMARK [1][-]{section.6.19}{\376\377\0006\000.\0001\0009\000\040\000S\000c\000o\000r\000e\000R\000o\000u\000g\000e\000V\000a\000r\000i\000a\000n\000t\000e\000\040\000C\000l\000a\000s\000s\000\040\000R\000e\000f\000e\000r\000e\000n\000c\000e}{chapter.6}% 156
\BOOKMARK [2][-]{subsection.6.19.1}{\376\377\0006\000.\0001\0009\000.\0001\000\040\000M\000e\000m\000b\000e\000r\000\040\000F\000u\000n\000c\000t\000i\000o\000n\000\040\000D\000o\000c\000u\000m\000e\000n\000t\000a\000t\000i\000o\000n}{section.6.19}% 157
\BOOKMARK [3][-]{subsubsection.6.19.1.1}{\376\377\0006\000.\0001\0009\000.\0001\000.\0001\000\040\000s\000c\000o\000r\000e\000\050\000\051}{subsection.6.19.1}% 158
\BOOKMARK [3][-]{subsubsection.6.19.1.2}{\376\377\0006\000.\0001\0009\000.\0001\000.\0002\000\040\000s\000c\000o\000r\000e\000\137\000r\000o\000u\000g\000e\000\137\000v\000a\000r\000i\000a\000n\000t\000e\000\050\000\051}{subsection.6.19.1}% 159
\BOOKMARK [1][-]{section.6.20}{\376\377\0006\000.\0002\0000\000\040\000S\000c\000o\000r\000e\000S\000o\000l\000o\000A\000r\000c\000h\000i\000t\000e\000c\000h\000t\000e\000\040\000C\000l\000a\000s\000s\000\040\000R\000e\000f\000e\000r\000e\000n\000c\000e}{chapter.6}% 160
\BOOKMARK [2][-]{subsection.6.20.1}{\376\377\0006\000.\0002\0000\000.\0001\000\040\000D\000e\000t\000a\000i\000l\000e\000d\000\040\000D\000e\000s\000c\000r\000i\000p\000t\000i\000o\000n}{section.6.20}% 161
\BOOKMARK [2][-]{subsection.6.20.2}{\376\377\0006\000.\0002\0000\000.\0002\000\040\000M\000e\000m\000b\000e\000r\000\040\000F\000u\000n\000c\000t\000i\000o\000n\000\040\000D\000o\000c\000u\000m\000e\000n\000t\000a\000t\000i\000o\000n}{section.6.20}% 162
\BOOKMARK [3][-]{subsubsection.6.20.2.1}{\376\377\0006\000.\0002\0000\000.\0002\000.\0001\000\040\000g\000e\000t\000\137\000n\000i\000v\000e\000a\000u\000\050\000\051}{subsection.6.20.2}% 163
\BOOKMARK [3][-]{subsubsection.6.20.2.2}{\376\377\0006\000.\0002\0000\000.\0002\000.\0002\000\040\000s\000e\000t\000\137\000n\000i\000v\000e\000a\000u\000\050\000\051}{subsection.6.20.2}% 164
\BOOKMARK [2][-]{subsection.6.20.3}{\376\377\0006\000.\0002\0000\000.\0003\000\040\000M\000e\000m\000b\000e\000r\000\040\000D\000a\000t\000a\000\040\000D\000o\000c\000u\000m\000e\000n\000t\000a\000t\000i\000o\000n}{section.6.20}% 165
\BOOKMARK [3][-]{subsubsection.6.20.3.1}{\376\377\0006\000.\0002\0000\000.\0003\000.\0001\000\040\000n\000i\000v\000e\000a\000u}{subsection.6.20.3}% 166
\BOOKMARK [1][-]{section.6.21}{\376\377\0006\000.\0002\0001\000\040\000S\000c\000o\000r\000e\000S\000o\000l\000o\000A\000r\000c\000h\000i\000t\000e\000c\000h\000t\000e\000B\000l\000e\000u\000\040\000C\000l\000a\000s\000s\000\040\000R\000e\000f\000e\000r\000e\000n\000c\000e}{chapter.6}% 167
\BOOKMARK [2][-]{subsection.6.21.1}{\376\377\0006\000.\0002\0001\000.\0001\000\040\000M\000e\000m\000b\000e\000r\000\040\000F\000u\000n\000c\000t\000i\000o\000n\000\040\000D\000o\000c\000u\000m\000e\000n\000t\000a\000t\000i\000o\000n}{section.6.21}% 168
\BOOKMARK [3][-]{subsubsection.6.21.1.1}{\376\377\0006\000.\0002\0001\000.\0001\000.\0001\000\040\000s\000c\000o\000r\000e\000\050\000\051}{subsection.6.21.1}% 169
\BOOKMARK [3][-]{subsubsection.6.21.1.2}{\376\377\0006\000.\0002\0001\000.\0001\000.\0002\000\040\000s\000c\000o\000r\000e\000\137\000b\000l\000e\000u\000\050\000\051}{subsection.6.21.1}% 170
\BOOKMARK [1][-]{section.6.22}{\376\377\0006\000.\0002\0002\000\040\000S\000c\000o\000r\000e\000S\000o\000l\000o\000A\000r\000c\000h\000i\000t\000e\000c\000h\000t\000e\000J\000a\000u\000n\000e\000\040\000C\000l\000a\000s\000s\000\040\000R\000e\000f\000e\000r\000e\000n\000c\000e}{chapter.6}% 171
\BOOKMARK [2][-]{subsection.6.22.1}{\376\377\0006\000.\0002\0002\000.\0001\000\040\000M\000e\000m\000b\000e\000r\000\040\000F\000u\000n\000c\000t\000i\000o\000n\000\040\000D\000o\000c\000u\000m\000e\000n\000t\000a\000t\000i\000o\000n}{section.6.22}% 172
\BOOKMARK [3][-]{subsubsection.6.22.1.1}{\376\377\0006\000.\0002\0002\000.\0001\000.\0001\000\040\000s\000c\000o\000r\000e\000\050\000\051}{subsection.6.22.1}% 173
\BOOKMARK [3][-]{subsubsection.6.22.1.2}{\376\377\0006\000.\0002\0002\000.\0001\000.\0002\000\040\000s\000c\000o\000r\000e\000\137\000j\000a\000u\000n\000e\000\050\000\051}{subsection.6.22.1}% 174
\BOOKMARK [1][-]{section.6.23}{\376\377\0006\000.\0002\0003\000\040\000S\000c\000o\000r\000e\000S\000o\000l\000o\000A\000r\000c\000h\000i\000t\000e\000c\000h\000t\000e\000R\000o\000u\000g\000e\000\040\000C\000l\000a\000s\000s\000\040\000R\000e\000f\000e\000r\000e\000n\000c\000e}{chapter.6}% 175
\BOOKMARK [2][-]{subsection.6.23.1}{\376\377\0006\000.\0002\0003\000.\0001\000\040\000M\000e\000m\000b\000e\000r\000\040\000F\000u\000n\000c\000t\000i\000o\000n\000\040\000D\000o\000c\000u\000m\000e\000n\000t\000a\000t\000i\000o\000n}{section.6.23}% 176
\BOOKMARK [3][-]{subsubsection.6.23.1.1}{\376\377\0006\000.\0002\0003\000.\0001\000.\0001\000\040\000s\000c\000o\000r\000e\000\050\000\051}{subsection.6.23.1}% 177
\BOOKMARK [3][-]{subsubsection.6.23.1.2}{\376\377\0006\000.\0002\0003\000.\0001\000.\0002\000\040\000s\000c\000o\000r\000e\000\137\000r\000o\000u\000g\000e\000\050\000\051}{subsection.6.23.1}% 178
\BOOKMARK [1][-]{section.6.24}{\376\377\0006\000.\0002\0004\000\040\000S\000c\000o\000r\000e\000S\000o\000l\000o\000A\000r\000c\000h\000i\000t\000e\000c\000h\000t\000e\000V\000e\000r\000t\000\040\000C\000l\000a\000s\000s\000\040\000R\000e\000f\000e\000r\000e\000n\000c\000e}{chapter.6}% 179
\BOOKMARK [2][-]{subsection.6.24.1}{\376\377\0006\000.\0002\0004\000.\0001\000\040\000M\000e\000m\000b\000e\000r\000\040\000F\000u\000n\000c\000t\000i\000o\000n\000\040\000D\000o\000c\000u\000m\000e\000n\000t\000a\000t\000i\000o\000n}{section.6.24}% 180
\BOOKMARK [3][-]{subsubsection.6.24.1.1}{\376\377\0006\000.\0002\0004\000.\0001\000.\0001\000\040\000s\000c\000o\000r\000e\000\050\000\051}{subsection.6.24.1}% 181
\BOOKMARK [3][-]{subsubsection.6.24.1.2}{\376\377\0006\000.\0002\0004\000.\0001\000.\0002\000\040\000s\000c\000o\000r\000e\000\137\000v\000e\000r\000t\000\050\000\051}{subsection.6.24.1}% 182
\BOOKMARK [1][-]{section.6.25}{\376\377\0006\000.\0002\0005\000\040\000S\000c\000o\000r\000e\000S\000o\000l\000o\000A\000r\000c\000h\000i\000t\000e\000c\000h\000t\000e\000V\000i\000o\000l\000e\000t\000\040\000C\000l\000a\000s\000s\000\040\000R\000e\000f\000e\000r\000e\000n\000c\000e}{chapter.6}% 183
\BOOKMARK [2][-]{subsection.6.25.1}{\376\377\0006\000.\0002\0005\000.\0001\000\040\000M\000e\000m\000b\000e\000r\000\040\000F\000u\000n\000c\000t\000i\000o\000n\000\040\000D\000o\000c\000u\000m\000e\000n\000t\000a\000t\000i\000o\000n}{section.6.25}% 184
\BOOKMARK [3][-]{subsubsection.6.25.1.1}{\376\377\0006\000.\0002\0005\000.\0001\000.\0001\000\040\000s\000c\000o\000r\000e\000\050\000\051}{subsection.6.25.1}% 185
\BOOKMARK [3][-]{subsubsection.6.25.1.2}{\376\377\0006\000.\0002\0005\000.\0001\000.\0002\000\040\000s\000c\000o\000r\000e\000\137\000v\000i\000o\000l\000e\000t\000\050\000\051}{subsection.6.25.1}% 186
\BOOKMARK [1][-]{section.6.26}{\376\377\0006\000.\0002\0006\000\040\000S\000c\000o\000r\000e\000V\000e\000r\000t\000\040\000C\000l\000a\000s\000s\000\040\000R\000e\000f\000e\000r\000e\000n\000c\000e}{chapter.6}% 187
\BOOKMARK [2][-]{subsection.6.26.1}{\376\377\0006\000.\0002\0006\000.\0001\000\040\000M\000e\000m\000b\000e\000r\000\040\000F\000u\000n\000c\000t\000i\000o\000n\000\040\000D\000o\000c\000u\000m\000e\000n\000t\000a\000t\000i\000o\000n}{section.6.26}% 188
\BOOKMARK [3][-]{subsubsection.6.26.1.1}{\376\377\0006\000.\0002\0006\000.\0001\000.\0001\000\040\000s\000c\000o\000r\000e\000\050\000\051}{subsection.6.26.1}% 189
\BOOKMARK [3][-]{subsubsection.6.26.1.2}{\376\377\0006\000.\0002\0006\000.\0001\000.\0002\000\040\000s\000c\000o\000r\000e\000\137\000v\000e\000r\000t\000\050\000\051}{subsection.6.26.1}% 190
\BOOKMARK [1][-]{section.6.27}{\376\377\0006\000.\0002\0007\000\040\000S\000c\000o\000r\000e\000V\000e\000r\000t\000V\000a\000r\000i\000a\000n\000t\000e\000\040\000C\000l\000a\000s\000s\000\040\000R\000e\000f\000e\000r\000e\000n\000c\000e}{chapter.6}% 191
\BOOKMARK [2][-]{subsection.6.27.1}{\376\377\0006\000.\0002\0007\000.\0001\000\040\000M\000e\000m\000b\000e\000r\000\040\000F\000u\000n\000c\000t\000i\000o\000n\000\040\000D\000o\000c\000u\000m\000e\000n\000t\000a\000t\000i\000o\000n}{section.6.27}% 192
\BOOKMARK [3][-]{subsubsection.6.27.1.1}{\376\377\0006\000.\0002\0007\000.\0001\000.\0001\000\040\000s\000c\000o\000r\000e\000\050\000\051}{subsection.6.27.1}% 193
\BOOKMARK [3][-]{subsubsection.6.27.1.2}{\376\377\0006\000.\0002\0007\000.\0001\000.\0002\000\040\000s\000c\000o\000r\000e\000\137\000v\000e\000r\000t\000\137\000v\000a\000r\000i\000a\000n\000t\000e\000\050\000\051}{subsection.6.27.1}% 194
\BOOKMARK [1][-]{section.6.28}{\376\377\0006\000.\0002\0008\000\040\000S\000c\000o\000r\000e\000V\000i\000o\000l\000e\000t\000\040\000C\000l\000a\000s\000s\000\040\000R\000e\000f\000e\000r\000e\000n\000c\000e}{chapter.6}% 195
\BOOKMARK [2][-]{subsection.6.28.1}{\376\377\0006\000.\0002\0008\000.\0001\000\040\000M\000e\000m\000b\000e\000r\000\040\000F\000u\000n\000c\000t\000i\000o\000n\000\040\000D\000o\000c\000u\000m\000e\000n\000t\000a\000t\000i\000o\000n}{section.6.28}% 196
\BOOKMARK [3][-]{subsubsection.6.28.1.1}{\376\377\0006\000.\0002\0008\000.\0001\000.\0001\000\040\000s\000c\000o\000r\000e\000\050\000\051}{subsection.6.28.1}% 197
\BOOKMARK [3][-]{subsubsection.6.28.1.2}{\376\377\0006\000.\0002\0008\000.\0001\000.\0002\000\040\000s\000c\000o\000r\000e\000\137\000v\000i\000o\000l\000e\000t\000\050\000\051}{subsection.6.28.1}% 198
\BOOKMARK [1][-]{section.6.29}{\376\377\0006\000.\0002\0009\000\040\000S\000c\000o\000r\000e\000V\000i\000o\000l\000e\000t\000V\000a\000r\000i\000a\000n\000t\000e\000\040\000C\000l\000a\000s\000s\000\040\000R\000e\000f\000e\000r\000e\000n\000c\000e}{chapter.6}% 199
\BOOKMARK [2][-]{subsection.6.29.1}{\376\377\0006\000.\0002\0009\000.\0001\000\040\000M\000e\000m\000b\000e\000r\000\040\000F\000u\000n\000c\000t\000i\000o\000n\000\040\000D\000o\000c\000u\000m\000e\000n\000t\000a\000t\000i\000o\000n}{section.6.29}% 200
\BOOKMARK [3][-]{subsubsection.6.29.1.1}{\376\377\0006\000.\0002\0009\000.\0001\000.\0001\000\040\000s\000c\000o\000r\000e\000\050\000\051}{subsection.6.29.1}% 201
\BOOKMARK [3][-]{subsubsection.6.29.1.2}{\376\377\0006\000.\0002\0009\000.\0001\000.\0002\000\040\000s\000c\000o\000r\000e\000\137\000v\000i\000o\000l\000e\000t\000\137\000v\000a\000r\000i\000a\000n\000t\000e\000\050\000\051}{subsection.6.29.1}% 202
\BOOKMARK [1][-]{section.6.30}{\376\377\0006\000.\0003\0000\000\040\000T\000u\000i\000l\000e\000\040\000C\000l\000a\000s\000s\000\040\000R\000e\000f\000e\000r\000e\000n\000c\000e}{chapter.6}% 203
\BOOKMARK [2][-]{subsection.6.30.1}{\376\377\0006\000.\0003\0000\000.\0001\000\040\000D\000e\000t\000a\000i\000l\000e\000d\000\040\000D\000e\000s\000c\000r\000i\000p\000t\000i\000o\000n}{section.6.30}% 204
\BOOKMARK [2][-]{subsection.6.30.2}{\376\377\0006\000.\0003\0000\000.\0002\000\040\000C\000o\000n\000s\000t\000r\000u\000c\000t\000o\000r\000\040\000\046\000\040\000D\000e\000s\000t\000r\000u\000c\000t\000o\000r\000\040\000D\000o\000c\000u\000m\000e\000n\000t\000a\000t\000i\000o\000n}{section.6.30}% 205
\BOOKMARK [3][-]{subsubsection.6.30.2.1}{\376\377\0006\000.\0003\0000\000.\0002\000.\0001\000\040\000T\000u\000i\000l\000e\000\050\000\051}{subsection.6.30.2}% 206
\BOOKMARK [3][-]{subsubsection.6.30.2.2}{\376\377\0006\000.\0003\0000\000.\0002\000.\0002\000\040\000\040\000T\000u\000i\000l\000e\000\050\000\051}{subsection.6.30.2}% 207
\BOOKMARK [2][-]{subsection.6.30.3}{\376\377\0006\000.\0003\0000\000.\0003\000\040\000M\000e\000m\000b\000e\000r\000\040\000F\000u\000n\000c\000t\000i\000o\000n\000\040\000D\000o\000c\000u\000m\000e\000n\000t\000a\000t\000i\000o\000n}{section.6.30}% 208
\BOOKMARK [3][-]{subsubsection.6.30.3.1}{\376\377\0006\000.\0003\0000\000.\0003\000.\0001\000\040\000g\000e\000t\000\137\000e\000n\000f\000a\000n\000t\000s\000\050\000\051}{subsection.6.30.3}% 209
\BOOKMARK [3][-]{subsubsection.6.30.3.2}{\376\377\0006\000.\0003\0000\000.\0003\000.\0002\000\040\000g\000e\000t\000\137\000h\000a\000u\000t\000e\000u\000r\000\050\000\051}{subsection.6.30.3}% 210
\BOOKMARK [3][-]{subsubsection.6.30.3.3}{\376\377\0006\000.\0003\0000\000.\0003\000.\0003\000\040\000g\000e\000t\000\137\000n\000o\000m\000b\000r\000e\000\137\000e\000n\000f\000a\000n\000t\000\050\000\051}{subsection.6.30.3}% 211
\BOOKMARK [3][-]{subsubsection.6.30.3.4}{\376\377\0006\000.\0003\0000\000.\0003\000.\0004\000\040\000g\000e\000t\000\137\000p\000o\000s\000i\000t\000i\000o\000n\000s\000\137\000e\000n\000f\000a\000n\000t\000s\000\050\000\051}{subsection.6.30.3}% 212
\BOOKMARK [3][-]{subsubsection.6.30.3.5}{\376\377\0006\000.\0003\0000\000.\0003\000.\0005\000\040\000s\000e\000t\000\137\000h\000a\000u\000t\000e\000u\000r\000\050\000\051}{subsection.6.30.3}% 213
\BOOKMARK [2][-]{subsection.6.30.4}{\376\377\0006\000.\0003\0000\000.\0004\000\040\000M\000e\000m\000b\000e\000r\000\040\000D\000a\000t\000a\000\040\000D\000o\000c\000u\000m\000e\000n\000t\000a\000t\000i\000o\000n}{section.6.30}% 214
\BOOKMARK [3][-]{subsubsection.6.30.4.1}{\376\377\0006\000.\0003\0000\000.\0004\000.\0001\000\040\000e\000n\000f\000a\000n\000t\000s}{subsection.6.30.4}% 215
\BOOKMARK [3][-]{subsubsection.6.30.4.2}{\376\377\0006\000.\0003\0000\000.\0004\000.\0002\000\040\000h\000a\000u\000t\000e\000u\000r}{subsection.6.30.4}% 216
\BOOKMARK [3][-]{subsubsection.6.30.4.3}{\376\377\0006\000.\0003\0000\000.\0004\000.\0003\000\040\000n\000o\000m\000b\000r\000e\000\137\000e\000n\000f\000a\000n\000t\000s}{subsection.6.30.4}% 217
\BOOKMARK [3][-]{subsubsection.6.30.4.4}{\376\377\0006\000.\0003\0000\000.\0004\000.\0004\000\040\000p\000o\000s\000i\000t\000i\000o\000n\000s\000\137\000e\000n\000f\000a\000n\000t\000s}{subsection.6.30.4}% 218
\BOOKMARK [3][-]{subsubsection.6.30.4.5}{\376\377\0006\000.\0003\0000\000.\0004\000.\0005\000\040\000r\000o\000t\000a\000t\000i\000o\000n}{subsection.6.30.4}% 219
\BOOKMARK [1][-]{section.6.31}{\376\377\0006\000.\0003\0001\000\040\000T\000u\000i\000l\000e\000D\000e\000p\000a\000r\000t\000\040\000C\000l\000a\000s\000s\000\040\000R\000e\000f\000e\000r\000e\000n\000c\000e}{chapter.6}% 220
\BOOKMARK [1][-]{section.6.32}{\376\377\0006\000.\0003\0002\000\040\000T\000u\000i\000l\000e\000J\000e\000u\000\040\000C\000l\000a\000s\000s\000\040\000R\000e\000f\000e\000r\000e\000n\000c\000e}{chapter.6}% 221
\BOOKMARK [1][-]{section.6.33}{\376\377\0006\000.\0003\0003\000\040\000T\000u\000i\000l\000e\000J\000e\000u\000C\000o\000n\000c\000r\000e\000t\000e\000\040\000C\000l\000a\000s\000s\000\040\000R\000e\000f\000e\000r\000e\000n\000c\000e}{chapter.6}% 222
\BOOKMARK [1][-]{section.6.34}{\376\377\0006\000.\0003\0004\000\040\000V\000e\000c\000t\000o\000r\0002\000\040\000C\000l\000a\000s\000s\000\040\000R\000e\000f\000e\000r\000e\000n\000c\000e}{chapter.6}% 223
\BOOKMARK [2][-]{subsection.6.34.1}{\376\377\0006\000.\0003\0004\000.\0001\000\040\000C\000o\000n\000s\000t\000r\000u\000c\000t\000o\000r\000\040\000\046\000\040\000D\000e\000s\000t\000r\000u\000c\000t\000o\000r\000\040\000D\000o\000c\000u\000m\000e\000n\000t\000a\000t\000i\000o\000n}{section.6.34}% 224
\BOOKMARK [3][-]{subsubsection.6.34.1.1}{\376\377\0006\000.\0003\0004\000.\0001\000.\0001\000\040\000V\000e\000c\000t\000o\000r\0002\000\050\000\051\000\040\000[\0001\000/\0003\000]}{subsection.6.34.1}% 225
\BOOKMARK [3][-]{subsubsection.6.34.1.2}{\376\377\0006\000.\0003\0004\000.\0001\000.\0002\000\040\000V\000e\000c\000t\000o\000r\0002\000\050\000\051\000\040\000[\0002\000/\0003\000]}{subsection.6.34.1}% 226
\BOOKMARK [3][-]{subsubsection.6.34.1.3}{\376\377\0006\000.\0003\0004\000.\0001\000.\0003\000\040\000V\000e\000c\000t\000o\000r\0002\000\050\000\051\000\040\000[\0003\000/\0003\000]}{subsection.6.34.1}% 227
\BOOKMARK [2][-]{subsection.6.34.2}{\376\377\0006\000.\0003\0004\000.\0002\000\040\000M\000e\000m\000b\000e\000r\000\040\000D\000a\000t\000a\000\040\000D\000o\000c\000u\000m\000e\000n\000t\000a\000t\000i\000o\000n}{section.6.34}% 228
\BOOKMARK [3][-]{subsubsection.6.34.2.1}{\376\377\0006\000.\0003\0004\000.\0002\000.\0001\000\040\000x}{subsection.6.34.2}% 229
\BOOKMARK [3][-]{subsubsection.6.34.2.2}{\376\377\0006\000.\0003\0004\000.\0002\000.\0002\000\040\000y}{subsection.6.34.2}% 230
\BOOKMARK [0][-]{chapter.7}{\376\377\0007\000\040\000F\000i\000l\000e\000\040\000D\000o\000c\000u\000m\000e\000n\000t\000a\000t\000i\000o\000n}{}% 231
\BOOKMARK [1][-]{section.7.1}{\376\377\0007\000.\0001\000\040\000A\000f\000f\000i\000c\000h\000a\000g\000e\000.\000c\000p\000p\000\040\000F\000i\000l\000e\000\040\000R\000e\000f\000e\000r\000e\000n\000c\000e}{chapter.7}% 232
\BOOKMARK [1][-]{section.7.2}{\376\377\0007\000.\0002\000\040\000A\000f\000f\000i\000c\000h\000a\000g\000e\000.\000h\000p\000p\000\040\000F\000i\000l\000e\000\040\000R\000e\000f\000e\000r\000e\000n\000c\000e}{chapter.7}% 233
\BOOKMARK [1][-]{section.7.3}{\376\377\0007\000.\0003\000\040\000A\000f\000f\000i\000c\000h\000a\000g\000e\000.\000h\000p\000p}{chapter.7}% 234
\BOOKMARK [1][-]{section.7.4}{\376\377\0007\000.\0004\000\040\000C\000h\000a\000n\000t\000i\000e\000r\000.\000c\000p\000p\000\040\000F\000i\000l\000e\000\040\000R\000e\000f\000e\000r\000e\000n\000c\000e}{chapter.7}% 235
\BOOKMARK [1][-]{section.7.5}{\376\377\0007\000.\0005\000\040\000C\000h\000a\000n\000t\000i\000e\000r\000.\000h\000p\000p\000\040\000F\000i\000l\000e\000\040\000R\000e\000f\000e\000r\000e\000n\000c\000e}{chapter.7}% 236
\BOOKMARK [2][-]{subsection.7.5.1}{\376\377\0007\000.\0005\000.\0001\000\040\000V\000a\000r\000i\000a\000b\000l\000e\000\040\000D\000o\000c\000u\000m\000e\000n\000t\000a\000t\000i\000o\000n}{section.7.5}% 237
\BOOKMARK [3][-]{subsubsection.7.5.1.1}{\376\377\0007\000.\0005\000.\0001\000.\0001\000\040\000m\000a\000x\000\137\000t\000u\000i\000l\000e\000s\000\137\000p\000a\000r\000\137\000c\000h\000a\000n\000t\000i\000e\000r}{subsection.7.5.1}% 238
\BOOKMARK [1][-]{section.7.6}{\376\377\0007\000.\0006\000\040\000C\000h\000a\000n\000t\000i\000e\000r\000.\000h\000p\000p}{chapter.7}% 239
\BOOKMARK [1][-]{section.7.7}{\376\377\0007\000.\0007\000\040\000D\000e\000c\000k\000.\000c\000p\000p\000\040\000F\000i\000l\000e\000\040\000R\000e\000f\000e\000r\000e\000n\000c\000e}{chapter.7}% 240
\BOOKMARK [1][-]{section.7.8}{\376\377\0007\000.\0008\000\040\000D\000e\000c\000k\000.\000h\000p\000p\000\040\000F\000i\000l\000e\000\040\000R\000e\000f\000e\000r\000e\000n\000c\000e}{chapter.7}% 241
\BOOKMARK [2][-]{subsection.7.8.1}{\376\377\0007\000.\0008\000.\0001\000\040\000V\000a\000r\000i\000a\000b\000l\000e\000\040\000D\000o\000c\000u\000m\000e\000n\000t\000a\000t\000i\000o\000n}{section.7.8}% 242
\BOOKMARK [3][-]{subsubsection.7.8.1.1}{\376\377\0007\000.\0008\000.\0001\000.\0001\000\040\000m\000a\000x\000\137\000t\000u\000i\000l\000e\000s\000\137\000d\000a\000n\000s\000\137\000d\000e\000c\000k}{subsection.7.8.1}% 243
\BOOKMARK [1][-]{section.7.9}{\376\377\0007\000.\0009\000\040\000D\000e\000c\000k\000.\000h\000p\000p}{chapter.7}% 244
\BOOKMARK [1][-]{section.7.10}{\376\377\0007\000.\0001\0000\000\040\000m\000a\000i\000n\000.\000c\000p\000p\000\040\000F\000i\000l\000e\000\040\000R\000e\000f\000e\000r\000e\000n\000c\000e}{chapter.7}% 245
\BOOKMARK [2][-]{subsection.7.10.1}{\376\377\0007\000.\0001\0000\000.\0001\000\040\000F\000u\000n\000c\000t\000i\000o\000n\000\040\000D\000o\000c\000u\000m\000e\000n\000t\000a\000t\000i\000o\000n}{section.7.10}% 246
\BOOKMARK [3][-]{subsubsection.7.10.1.1}{\376\377\0007\000.\0001\0000\000.\0001\000.\0001\000\040\000m\000a\000i\000n\000\050\000\051}{subsection.7.10.1}% 247
\BOOKMARK [1][-]{section.7.11}{\376\377\0007\000.\0001\0001\000\040\000m\000a\000i\000n\000.\000h\000p\000p\000\040\000F\000i\000l\000e\000\040\000R\000e\000f\000e\000r\000e\000n\000c\000e}{chapter.7}% 248
\BOOKMARK [1][-]{section.7.12}{\376\377\0007\000.\0001\0002\000\040\000m\000a\000i\000n\000.\000h\000p\000p}{chapter.7}% 249
\BOOKMARK [1][-]{section.7.13}{\376\377\0007\000.\0001\0003\000\040\000P\000l\000a\000t\000e\000a\000u\000.\000c\000p\000p\000\040\000F\000i\000l\000e\000\040\000R\000e\000f\000e\000r\000e\000n\000c\000e}{chapter.7}% 250
\BOOKMARK [1][-]{section.7.14}{\376\377\0007\000.\0001\0004\000\040\000P\000l\000a\000t\000e\000a\000u\000.\000h\000p\000p\000\040\000F\000i\000l\000e\000\040\000R\000e\000f\000e\000r\000e\000n\000c\000e}{chapter.7}% 251
\BOOKMARK [1][-]{section.7.15}{\376\377\0007\000.\0001\0005\000\040\000P\000l\000a\000t\000e\000a\000u\000.\000h\000p\000p}{chapter.7}% 252
\BOOKMARK [1][-]{section.7.16}{\376\377\0007\000.\0001\0006\000\040\000P\000l\000a\000y\000e\000r\000s\000.\000h\000p\000p\000\040\000F\000i\000l\000e\000\040\000R\000e\000f\000e\000r\000e\000n\000c\000e}{chapter.7}% 253
\BOOKMARK [1][-]{section.7.17}{\376\377\0007\000.\0001\0007\000\040\000P\000l\000a\000y\000e\000r\000s\000.\000h\000p\000p}{chapter.7}% 254
\BOOKMARK [1][-]{section.7.18}{\376\377\0007\000.\0001\0008\000\040\000R\000E\000A\000D\000M\000E\000.\000m\000d\000\040\000F\000i\000l\000e\000\040\000R\000e\000f\000e\000r\000e\000n\000c\000e}{chapter.7}% 255
\BOOKMARK [1][-]{section.7.19}{\376\377\0007\000.\0001\0009\000\040\000S\000c\000o\000r\000e\000.\000c\000p\000p\000\040\000F\000i\000l\000e\000\040\000R\000e\000f\000e\000r\000e\000n\000c\000e}{chapter.7}% 256
\BOOKMARK [1][-]{section.7.20}{\376\377\0007\000.\0002\0000\000\040\000S\000c\000o\000r\000e\000.\000h\000p\000p\000\040\000F\000i\000l\000e\000\040\000R\000e\000f\000e\000r\000e\000n\000c\000e}{chapter.7}% 257
\BOOKMARK [1][-]{section.7.21}{\376\377\0007\000.\0002\0001\000\040\000S\000c\000o\000r\000e\000.\000h\000p\000p}{chapter.7}% 258
\BOOKMARK [1][-]{section.7.22}{\376\377\0007\000.\0002\0002\000\040\000T\000e\000s\000t\000s\000.\000c\000p\000p\000\040\000F\000i\000l\000e\000\040\000R\000e\000f\000e\000r\000e\000n\000c\000e}{chapter.7}% 259
\BOOKMARK [2][-]{subsection.7.22.1}{\376\377\0007\000.\0002\0002\000.\0001\000\040\000F\000u\000n\000c\000t\000i\000o\000n\000\040\000D\000o\000c\000u\000m\000e\000n\000t\000a\000t\000i\000o\000n}{section.7.22}% 260
\BOOKMARK [3][-]{subsubsection.7.22.1.1}{\376\377\0007\000.\0002\0002\000.\0001\000.\0001\000\040\000a\000s\000s\000e\000r\000t\000T\000e\000s\000t\000s\000\050\000\051}{subsection.7.22.1}% 261
\BOOKMARK [1][-]{section.7.23}{\376\377\0007\000.\0002\0003\000\040\000T\000e\000s\000t\000s\000.\000h\000p\000p\000\040\000F\000i\000l\000e\000\040\000R\000e\000f\000e\000r\000e\000n\000c\000e}{chapter.7}% 262
\BOOKMARK [2][-]{subsection.7.23.1}{\376\377\0007\000.\0002\0003\000.\0001\000\040\000D\000e\000t\000a\000i\000l\000e\000d\000\040\000D\000e\000s\000c\000r\000i\000p\000t\000i\000o\000n}{section.7.23}% 263
\BOOKMARK [2][-]{subsection.7.23.2}{\376\377\0007\000.\0002\0003\000.\0002\000\040\000F\000u\000n\000c\000t\000i\000o\000n\000\040\000D\000o\000c\000u\000m\000e\000n\000t\000a\000t\000i\000o\000n}{section.7.23}% 264
\BOOKMARK [3][-]{subsubsection.7.23.2.1}{\376\377\0007\000.\0002\0003\000.\0002\000.\0001\000\040\000a\000s\000s\000e\000r\000t\000T\000e\000s\000t\000s\000\050\000\051}{subsection.7.23.2}% 265
\BOOKMARK [1][-]{section.7.24}{\376\377\0007\000.\0002\0004\000\040\000T\000e\000s\000t\000s\000.\000h\000p\000p}{chapter.7}% 266
\BOOKMARK [1][-]{section.7.25}{\376\377\0007\000.\0002\0005\000\040\000H\000e\000x\000a\000g\000o\000n\000e\000.\000c\000p\000p\000\040\000F\000i\000l\000e\000\040\000R\000e\000f\000e\000r\000e\000n\000c\000e}{chapter.7}% 267
\BOOKMARK [1][-]{section.7.26}{\376\377\0007\000.\0002\0006\000\040\000H\000e\000x\000a\000g\000o\000n\000e\000.\000h\000p\000p\000\040\000F\000i\000l\000e\000\040\000R\000e\000f\000e\000r\000e\000n\000c\000e}{chapter.7}% 268
\BOOKMARK [1][-]{section.7.27}{\376\377\0007\000.\0002\0007\000\040\000H\000e\000x\000a\000g\000o\000n\000e\000.\000h\000p\000p}{chapter.7}% 269
\BOOKMARK [1][-]{section.7.28}{\376\377\0007\000.\0002\0008\000\040\000T\000u\000i\000l\000e\000.\000c\000p\000p\000\040\000F\000i\000l\000e\000\040\000R\000e\000f\000e\000r\000e\000n\000c\000e}{chapter.7}% 270
\BOOKMARK [1][-]{section.7.29}{\376\377\0007\000.\0002\0009\000\040\000T\000u\000i\000l\000e\000.\000h\000p\000p\000\040\000F\000i\000l\000e\000\040\000R\000e\000f\000e\000r\000e\000n\000c\000e}{chapter.7}% 271
\BOOKMARK [2][-]{subsection.7.29.1}{\376\377\0007\000.\0002\0009\000.\0001\000\040\000V\000a\000r\000i\000a\000b\000l\000e\000\040\000D\000o\000c\000u\000m\000e\000n\000t\000a\000t\000i\000o\000n}{section.7.29}% 272
\BOOKMARK [3][-]{subsubsection.7.29.1.1}{\376\377\0007\000.\0002\0009\000.\0001\000.\0001\000\040\000m\000a\000x\000\137\000e\000n\000f\000a\000n\000t\000s\000\137\000p\000a\000r\000\137\000t\000u\000i\000l\000e}{subsection.7.29.1}% 273
\BOOKMARK [1][-]{section.7.30}{\376\377\0007\000.\0003\0000\000\040\000T\000u\000i\000l\000e\000.\000h\000p\000p}{chapter.7}% 274
\BOOKMARK [1][-]{section.7.31}{\376\377\0007\000.\0003\0001\000\040\000U\000t\000i\000l\000s\000.\000h\000p\000p\000\040\000F\000i\000l\000e\000\040\000R\000e\000f\000e\000r\000e\000n\000c\000e}{chapter.7}% 275
\BOOKMARK [2][-]{subsection.7.31.1}{\376\377\0007\000.\0003\0001\000.\0001\000\040\000E\000n\000u\000m\000e\000r\000a\000t\000i\000o\000n\000\040\000T\000y\000p\000e\000\040\000D\000o\000c\000u\000m\000e\000n\000t\000a\000t\000i\000o\000n}{section.7.31}% 276
\BOOKMARK [3][-]{subsubsection.7.31.1.1}{\376\377\0007\000.\0003\0001\000.\0001\000.\0001\000\040\000C\000o\000u\000l\000e\000u\000r\000s\000A\000k\000r\000o\000p\000o\000l\000i\000s}{subsection.7.31.1}% 277
\BOOKMARK [1][-]{section.7.32}{\376\377\0007\000.\0003\0002\000\040\000U\000t\000i\000l\000s\000.\000h\000p\000p}{chapter.7}% 278
\BOOKMARK [0][-]{section*.128}{\376\377\000I\000n\000d\000e\000x}{}% 279
